{
  "0 debug pnpm:scope": {
    "selected": 1,
    "workspacePrefix": "/Users/zhouyuan10/test-code/verney-vue-design"
  },
  "1 error pnpm": {
    "errno": 1,
    "code": "ELIFECYCLE",
    "pkgid": "@verney-design/docs@1.0.0",
    "stage": "docs:dev",
    "script": "vitepress dev",
    "pkgname": "@verney-design/docs",
    "err": {
      "name": "pnpm",
      "message": "@verney-design/docs@1.0.0 docs:dev: `vitepress dev`\nExit status 1",
      "code": "ELIFECYCLE",
      "stack": "pnpm: @verney-design/docs@1.0.0 docs:dev: `vitepress dev`\nExit status 1\n    at EventEmitter.<anonymous> (/snapshot/dist/pnpm.cjs)\n    at EventEmitter.emit (events.js:400:28)\n    at ChildProcess.<anonymous> (/snapshot/dist/pnpm.cjs)\n    at ChildProcess.emit (events.js:400:28)\n    at maybeClose (internal/child_process.js:1088:16)\n    at Process.ChildProcess._handle.onexit (internal/child_process.js:296:5)"
    }
  },
  "2 warn pnpm:global": " Local package.json exists, but node_modules missing, did you mean to install?"
}